20:46:24 [Skill] INFO  Skill:139 - Connecting to Furhat server on 192.168.0.24:1932
20:46:24 [Quiz] INFO  Quiz:173 - Starting skill
20:46:29 [Quiz] ERROR TriggerRunner: 33 - Error
java.net.SocketException: Socket closed
	at java.net.SocketOutputStream.socketWrite(SocketOutputStream.java:118)
	at java.net.SocketOutputStream.write(SocketOutputStream.java:143)
	at Client.write(Client.kt:49)
	at Client.run(Client.kt:38)
	at furhatos.app.quiz.FlowKt$SendMessages$1$2.invoke(flow.kt:98)
	at furhatos.app.quiz.FlowKt$SendMessages$1$2.invoke(flow.kt)
	at furhatos.flow.kotlin.TriggerRunner.run(TriggerRunner.kt:31)
	at furhatos.flow.kotlin.Runner.runTrigger(Runner.kt:203)
	at furhatos.flow.kotlin.Runner.runTrigger$default(Runner.kt:175)
	at furhatos.flow.kotlin.StateRunner.run(StateRunner.kt:57)
	at furhatos.flow.kotlin.Flow.tailRecRun(Flow.kt:146)
	at furhatos.flow.kotlin.Flow.run(Flow.kt:110)
	at furhatos.app.quiz.Quiz.start(main.kt:8)
	at furhatos.skills.Skill.initializeSkill(Skill.java:176)
	at furhatos.skills.Skill.lambda$startSkill$2(Skill.java:234)
	at java.lang.Thread.run(Thread.java:748)
20:47:18 [EventSystem] INFO  Quiz:191 - Terminating skill
