22:14:42 [Skill] INFO  Skill:139 - Connecting to Furhat server on 192.168.0.24:1932
22:14:42 [Quiz] INFO  Quiz:173 - Starting skill
22:15:42 [Quiz] ERROR TriggerRunner: 33 - Error
java.net.ConnectException: Connection refused (Connection refused)
	at java.net.PlainSocketImpl.socketConnect(Native Method)
	at java.net.AbstractPlainSocketImpl.doConnect(AbstractPlainSocketImpl.java:350)
	at java.net.AbstractPlainSocketImpl.connectToAddress(AbstractPlainSocketImpl.java:206)
	at java.net.AbstractPlainSocketImpl.connect(AbstractPlainSocketImpl.java:188)
	at java.net.SocksSocketImpl.connect(SocksSocketImpl.java:392)
	at java.net.Socket.connect(Socket.java:607)
	at java.net.Socket.connect(Socket.java:556)
	at java.net.Socket.<init>(Socket.java:452)
	at java.net.Socket.<init>(Socket.java:229)
	at Client.<init>(Client.kt:16)
	at furhatos.app.quiz.FlowKt$sayAgain$1$2.invoke(flow.kt:82)
	at furhatos.app.quiz.FlowKt$sayAgain$1$2.invoke(flow.kt)
	at furhatos.flow.kotlin.TriggerRunner.run(TriggerRunner.kt:31)
	at furhatos.flow.kotlin.Runner.runTrigger(Runner.kt:203)
	at furhatos.flow.kotlin.Runner.runTrigger$default(Runner.kt:175)
	at furhatos.flow.kotlin.StateRunner.run(StateRunner.kt:57)
	at furhatos.flow.kotlin.Flow.tailRecRun(Flow.kt:146)
	at furhatos.flow.kotlin.Flow.run(Flow.kt:110)
	at furhatos.app.quiz.Quiz.start(main.kt:8)
	at furhatos.skills.Skill.initializeSkill(Skill.java:176)
	at furhatos.skills.Skill.lambda$startSkill$2(Skill.java:234)
	at java.lang.Thread.run(Thread.java:748)
22:16:47 [EventSystem] INFO  Quiz:191 - Terminating skill
