15:36:00 [Skill] INFO  Skill:139 - Connecting to Furhat server on 192.168.1.250:1932
15:36:01 [Quiz] INFO  Quiz:173 - Starting skill
15:36:01 [Quiz] ERROR InitRunner: 28 - java.lang.NullPointerException
15:36:01 [ErrorLoggingThread] ERROR Quiz:466 - java.lang.NullPointerException
	at furhatos.skills.FurhatSpeech.getVoices(FurhatSpeech.java:279)
	at furhatos.skills.FurhatEventWrapper.getVoices(FurhatEventWrapper.java:31)
	at furhatos.skills.FurhatSpeech.getVoice(FurhatSpeech.java:288)
	at furhatos.skills.FurhatEventWrapper.getVoice(FurhatEventWrapper.java:31)
	at furhatos.skills.FurhatSpeech.setVoiceAndInputLanguage(FurhatSpeech.java:268)
	at furhatos.skills.FurhatEventWrapper.setVoiceAndInputLanguage(FurhatEventWrapper.java:31)
	at furhatos.flow.kotlin.Furhat.setVoice(Furhat.kt:678)
	at furhatos.flow.kotlin.Furhat.internalSetVoice(Furhat.kt:698)
	at furhatos.flow.kotlin.Furhat.setVoice(Furhat.kt:713)
	at furhatos.flow.kotlin.Furhat.setVoice$default(Furhat.kt:711)
	at furhatos.app.quiz.FlowKt$Idle$1$1.invoke(flow.kt:17)
	at furhatos.app.quiz.FlowKt$Idle$1$1.invoke(flow.kt)
	at furhatos.flow.kotlin.InitRunner.run(InitRunner.kt:25)
	at furhatos.flow.kotlin.StateRunner.runInitTrigger(StateRunner.kt:215)
	at furhatos.flow.kotlin.StateRunner.run(StateRunner.kt:64)
	at furhatos.flow.kotlin.Flow.tailRecRun(Flow.kt:146)
	at furhatos.flow.kotlin.Flow.run(Flow.kt:110)
	at furhatos.app.quiz.Quiz.start(main.kt:9)
	at furhatos.skills.Skill.initializeSkill(Skill.java:176)
	at furhatos.skills.Skill.lambda$startSkill$2(Skill.java:234)
	at java.lang.Thread.run(Thread.java:748)

