18:29:12 [Skill] INFO  Skill:139 - Connecting to Furhat server on 192.168.0.24:1932
18:29:13 [Quiz] INFO  Quiz:173 - Starting skill
18:29:24 [Quiz] ERROR TriggerRunner: 33 - Error
java.lang.IndexOutOfBoundsException
	at java.nio.Buffer.checkIndex(Buffer.java:546)
	at java.nio.CharBuffer.charAt(CharBuffer.java:1278)
	at java.util.regex.Pattern$Slice.match(Pattern.java:3983)
	at java.util.regex.Pattern$Branch.match(Pattern.java:4618)
	at java.util.regex.Pattern$GroupHead.match(Pattern.java:4672)
	at java.util.regex.Pattern$Curly.match0(Pattern.java:4286)
	at java.util.regex.Pattern$Curly.match(Pattern.java:4248)
	at java.util.regex.Pattern$Branch.match(Pattern.java:4618)
	at java.util.regex.Pattern$Start.match(Pattern.java:3475)
	at java.util.regex.Matcher.search(Matcher.java:1248)
	at java.util.regex.Matcher.find(Matcher.java:637)
	at java.util.Scanner.findPatternInBuffer(Scanner.java:1011)
	at java.util.Scanner.findWithinHorizon(Scanner.java:1679)
	at java.util.Scanner.nextLine(Scanner.java:1538)
	at Client.run(Client.kt:38)
	at furhatos.app.quiz.FlowKt$SendMessages$1$2.invoke(flow.kt:84)
	at furhatos.app.quiz.FlowKt$SendMessages$1$2.invoke(flow.kt)
	at furhatos.flow.kotlin.TriggerRunner.run(TriggerRunner.kt:31)
	at furhatos.flow.kotlin.Runner.runTrigger(Runner.kt:203)
	at furhatos.flow.kotlin.Runner.runTrigger$default(Runner.kt:175)
	at furhatos.flow.kotlin.StateRunner.run(StateRunner.kt:57)
	at furhatos.flow.kotlin.Flow.tailRecRun(Flow.kt:146)
	at furhatos.flow.kotlin.Flow.run(Flow.kt:110)
	at furhatos.app.quiz.Quiz.start(main.kt:8)
	at furhatos.skills.Skill.initializeSkill(Skill.java:176)
	at furhatos.skills.Skill.lambda$startSkill$2(Skill.java:234)
	at java.lang.Thread.run(Thread.java:748)
18:29:24 [ErrorLoggingThread] ERROR Quiz:466 - Exception in thread "Thread-5" java.util.NoSuchElementException: No line found
	at java.util.Scanner.nextLine(Scanner.java:1540)
	at Client.read(Client.kt:50)
	at Client.access$read(Client.kt:15)
	at Client$run$1.invoke(Client.kt:27)
	at Client$run$1.invoke(Client.kt:15)
	at kotlin.concurrent.ThreadsKt$thread$thread$1.run(Thread.kt:30)

